<?xml version="1.0" encoding="UTF-8"?>
<!-- Generated by org.testng.reporters.JUnitXMLReporter -->
<testsuite ignored="2" hostname="DESKTOP-1ICBAAR" failures="0" tests="6" name="SmokeTest" time="21.536" errors="0" timestamp="2024-12-04T11:54:28 IST">
  <testcase classname="tests.HomeTest" name="verifyHomePage" time="2.309"/>
  <testcase classname="tests.HomeTest" name="verifyNavigationToBags" time="2.086"/>
  <testcase classname="tests.RedirectionCheck" name="clickCartTest" time="1.8"/>
  <testcase classname="tests.RedirectionCheck" name="clickProfileTest" time="1.768"/>
  <testcase classname="tests.RedirectionCheck" name="downloadMeesho" time="0.908"/>
  <testcase classname="tests.RedirectionCheck" name="signUpTest" time="9.962"/>
  <testcase classname="utils.ExtentReportListener" name="@AfterSuite teardownExtentReports" time="0.0">
    <ignored/>
  </testcase> <!-- @AfterSuite teardownExtentReports -->
  <testcase classname="utils.ExtentReportListener" name="@BeforeSuite setupExtentReports" time="0.0">
    <ignored/>
  </testcase> <!-- @BeforeSuite setupExtentReports -->
</testsuite> <!-- SmokeTest -->
