<?xml version="1.0" encoding="UTF-8"?>
<testng-results ignored="2" total="8" passed="6" failed="0" skipped="0">
  <reporter-output>
  </reporter-output>
  <suite started-at="2024-12-04T11:54:06 IST" name="SmokeSuite" finished-at="2024-12-04T11:54:28 IST" duration-ms="21536">
    <groups>
    </groups>
    <test started-at="2024-12-04T11:54:06 IST" name="SmokeTest" finished-at="2024-12-04T11:54:28 IST" duration-ms="21536">
      <class name="tests.HomeTest">
        <test-method is-config="true" signature="setupExtentReports()[pri:0, instance:tests.HomeTest@41d477ed]" started-at="2024-12-04T11:54:06 IST" name="setupExtentReports" finished-at="2024-12-04T11:54:06 IST" duration-ms="245" status="PASS">
          <reporter-output>
          </reporter-output>
        </test-method> <!-- setupExtentReports -->
        <test-method is-config="true" signature="setup()[pri:0, instance:tests.HomeTest@41d477ed]" started-at="2024-12-04T11:54:06 IST" name="setup" finished-at="2024-12-04T11:54:08 IST" duration-ms="1239" status="PASS">
          <reporter-output>
          </reporter-output>
        </test-method> <!-- setup -->
        <test-method signature="verifyHomePage()[pri:0, instance:tests.HomeTest@41d477ed]" started-at="2024-12-04T11:54:08 IST" name="verifyHomePage" finished-at="2024-12-04T11:54:10 IST" duration-ms="2309" status="PASS">
          <reporter-output>
          </reporter-output>
        </test-method> <!-- verifyHomePage -->
        <test-method signature="verifyNavigationToBags()[pri:0, instance:tests.HomeTest@41d477ed]" started-at="2024-12-04T11:54:10 IST" name="verifyNavigationToBags" finished-at="2024-12-04T11:54:12 IST" duration-ms="2086" status="PASS">
          <reporter-output>
          </reporter-output>
        </test-method> <!-- verifyNavigationToBags -->
        <test-method is-config="true" signature="tearDown()[pri:0, instance:tests.HomeTest@41d477ed]" started-at="2024-12-04T11:54:12 IST" name="tearDown" finished-at="2024-12-04T11:54:13 IST" duration-ms="379" status="PASS">
          <reporter-output>
          </reporter-output>
        </test-method> <!-- tearDown -->
        <test-method is-config="true" signature="teardownExtentReports()[pri:0, instance:tests.HomeTest@41d477ed]" started-at="2024-12-04T11:54:28 IST" name="teardownExtentReports" finished-at="2024-12-04T11:54:28 IST" duration-ms="405" status="PASS">
          <reporter-output>
          </reporter-output>
        </test-method> <!-- teardownExtentReports -->
      </class> <!-- tests.HomeTest -->
      <class name="tests.RedirectionCheck">
        <test-method is-config="true" signature="setup()[pri:0, instance:tests.RedirectionCheck@74235045]" started-at="2024-12-04T11:54:13 IST" name="setup" finished-at="2024-12-04T11:54:13 IST" duration-ms="672" status="PASS">
          <reporter-output>
          </reporter-output>
        </test-method> <!-- setup -->
        <test-method signature="clickCartTest()[pri:0, instance:tests.RedirectionCheck@74235045]" started-at="2024-12-04T11:54:13 IST" name="clickCartTest" finished-at="2024-12-04T11:54:15 IST" duration-ms="1800" status="PASS">
          <reporter-output>
          </reporter-output>
        </test-method> <!-- clickCartTest -->
        <test-method signature="clickProfileTest()[pri:0, instance:tests.RedirectionCheck@74235045]" started-at="2024-12-04T11:54:15 IST" name="clickProfileTest" finished-at="2024-12-04T11:54:17 IST" duration-ms="1768" status="PASS">
          <reporter-output>
          </reporter-output>
        </test-method> <!-- clickProfileTest -->
        <test-method signature="downloadMeesho()[pri:0, instance:tests.RedirectionCheck@74235045]" started-at="2024-12-04T11:54:17 IST" name="downloadMeesho" finished-at="2024-12-04T11:54:18 IST" duration-ms="908" status="PASS">
          <reporter-output>
          </reporter-output>
        </test-method> <!-- downloadMeesho -->
        <test-method signature="signUpTest()[pri:0, instance:tests.RedirectionCheck@74235045]" started-at="2024-12-04T11:54:18 IST" name="signUpTest" finished-at="2024-12-04T11:54:28 IST" duration-ms="9962" status="PASS">
          <reporter-output>
          </reporter-output>
        </test-method> <!-- signUpTest -->
        <test-method is-config="true" signature="tearDown()[pri:0, instance:tests.RedirectionCheck@74235045]" started-at="2024-12-04T11:54:28 IST" name="tearDown" finished-at="2024-12-04T11:54:28 IST" duration-ms="370" status="PASS">
          <reporter-output>
          </reporter-output>
        </test-method> <!-- tearDown -->
      </class> <!-- tests.RedirectionCheck -->
    </test> <!-- SmokeTest -->
  </suite> <!-- SmokeSuite -->
</testng-results>
